<?xml version="1.0" encoding="UTF-8"?>
<testsuite xmlns:xsi="http://www.w3.org/2001/XMLSchema-instance" xsi:noNamespaceSchemaLocation="https://maven.apache.org/surefire/maven-surefire-plugin/xsd/surefire-test-report-3.0.xsd" version="3.0" name="mate.academy.jvteamproject.controller.AuthControllerTest" time="17.842" tests="1" errors="0" skipped="0" failures="0">
  <properties>
[...]
</properties>
  <testcase name="register_success" classname="mate.academy.jvteamproject.controller.AuthControllerTest" time="0.787">
    <system-out><![CDATA[01:45:50.742 [main] INFO org.springframework.test.context.support.AnnotationConfigContextLoaderUtils -- Could not detect default configuration classes for test class [mate.academy.jvteamproject.controller.AuthControllerTest]: AuthControllerTest does not declare any static, non-private, non-final, nested classes annotated with @Configuration.
01:45:50.888 [main] INFO org.springframework.boot.test.context.SpringBootTestContextBootstrapper -- Found @SpringBootConfiguration mate.academy.jvteamproject.JvTeamProjectApplication for test class mate.academy.jvteamproject.controller.AuthControllerTest

  .   ____          _            __ _ _
 /\\ / ___'_ __ _ _(_)_ __  __ _ \ \ \ \
( ( )\___ | '_ | '_| | '_ \/ _` | \ \ \ \
 \\/  ___)| |_)| | | | | || (_| |  ) ) ) )
  '  |____| .__|_| |_|_| |_\__, | / / / /
 =========|_|==============|___/=/_/_/_/

 :: Spring Boot ::                (v3.3.7)

2026-07-09T01:45:51.231+01:00  INFO 31868 --- [           main] org.testcontainers.images.PullPolicy     : Image pull policy will be performed by: DefaultPullPolicy()
2026-07-09T01:45:51.235+01:00  INFO 31868 --- [           main] o.t.utility.ImageNameSubstitutor         : Image name substitution will be performed by: DefaultImageNameSubstitutor (composite of 'ConfigurationFileImageNameSubstitutor' and 'PrefixingImageNameSubstitutor')
2026-07-09T01:45:51.281+01:00  INFO 31868 --- [           main] org.testcontainers.DockerClientFactory   : Testcontainers version: 1.21.4
2026-07-09T01:45:51.482+01:00  INFO 31868 --- [           main] o.t.d.DockerClientProviderStrategy       : Loaded org.testcontainers.dockerclient.NpipeSocketClientProviderStrategy from ~/.testcontainers.properties, will try it first
2026-07-09T01:45:51.770+01:00  INFO 31868 --- [           main] o.t.d.DockerClientProviderStrategy       : Found Docker environment with local Npipe socket (npipe:////./pipe/docker_engine)
2026-07-09T01:45:51.771+01:00  INFO 31868 --- [           main] org.testcontainers.DockerClientFactory   : Docker host IP address is localhost
2026-07-09T01:45:51.786+01:00  INFO 31868 --- [           main] org.testcontainers.DockerClientFactory   : Connected to docker: 
  Server Version: 29.2.0
  API Version: 1.53
  Operating System: Docker Desktop
  Total Memory: 7776 MB
  Labels: 
    com.docker.desktop.address=npipe://\\.\pipe\docker_cli
2026-07-09T01:45:51.852+01:00  INFO 31868 --- [           main] tc.testcontainers/ryuk:0.12.0            : Creating container for image: testcontainers/ryuk:0.12.0
2026-07-09T01:45:52.049+01:00  INFO 31868 --- [           main] tc.testcontainers/ryuk:0.12.0            : Container testcontainers/ryuk:0.12.0 is starting: 718095a52d569c529b447501cb19247ce1a4c0e9091749d63068802962ea3a44
2026-07-09T01:45:52.470+01:00  INFO 31868 --- [           main] tc.testcontainers/ryuk:0.12.0            : Container testcontainers/ryuk:0.12.0 started in PT0.6169439S
2026-07-09T01:45:52.478+01:00  INFO 31868 --- [           main] o.t.utility.RyukResourceReaper           : Ryuk started - will monitor and terminate Testcontainers containers on JVM exit
2026-07-09T01:45:52.478+01:00  INFO 31868 --- [           main] org.testcontainers.DockerClientFactory   : Checking the system...
2026-07-09T01:45:52.479+01:00  INFO 31868 --- [           main] org.testcontainers.DockerClientFactory   : ✔︎ Docker server version should be at least 1.6.0
2026-07-09T01:45:52.481+01:00  INFO 31868 --- [           main] tc.mysql:8                               : Creating container for image: mysql:8
2026-07-09T01:45:52.603+01:00  INFO 31868 --- [           main] tc.mysql:8                               : Container mysql:8 is starting: 1196c74092121cc6246c4f3ec2a57764a452d61a10e0f54b12e5d359a0c1edc1
2026-07-09T01:45:52.869+01:00  INFO 31868 --- [           main] tc.mysql:8                               : Waiting for database connection to become available at jdbc:mysql://localhost:49301/testdb using query 'SELECT 1'
2026-07-09T01:46:00.256+01:00  INFO 31868 --- [           main] tc.mysql:8                               : Container mysql:8 started in PT7.7744463S
2026-07-09T01:46:00.256+01:00  INFO 31868 --- [           main] tc.mysql:8                               : Container is started (JDBC URL: jdbc:mysql://localhost:49301/testdb)
2026-07-09T01:46:00.262+01:00  INFO 31868 --- [           main] m.a.j.controller.AuthControllerTest      : Starting AuthControllerTest using Java 21.0.11 with PID 31868 (started by petro in C:\Users\petro\Idia-projects\jv-team-project)
2026-07-09T01:46:00.262+01:00  INFO 31868 --- [           main] m.a.j.controller.AuthControllerTest      : No active profile set, falling back to 1 default profile: "default"
2026-07-09T01:46:01.017+01:00  INFO 31868 --- [           main] .s.d.r.c.RepositoryConfigurationDelegate : Bootstrapping Spring Data JPA repositories in DEFAULT mode.
2026-07-09T01:46:01.133+01:00  INFO 31868 --- [           main] .s.d.r.c.RepositoryConfigurationDelegate : Finished Spring Data repository scanning in 108 ms. Found 26 JPA repository interfaces.
2026-07-09T01:46:01.876+01:00  INFO 31868 --- [           main] com.zaxxer.hikari.HikariDataSource       : HikariPool-1 - Starting...
2026-07-09T01:46:02.140+01:00  INFO 31868 --- [           main] com.zaxxer.hikari.pool.HikariPool        : HikariPool-1 - Added connection com.mysql.cj.jdbc.ConnectionImpl@79424f25
2026-07-09T01:46:02.141+01:00  INFO 31868 --- [           main] com.zaxxer.hikari.HikariDataSource       : HikariPool-1 - Start completed.
2026-07-09T01:46:02.564+01:00  INFO 31868 --- [           main] liquibase.changelog                      : Creating database history table with name: testdb.DATABASECHANGELOG
2026-07-09T01:46:02.684+01:00  INFO 31868 --- [           main] liquibase.changelog                      : Reading from testdb.DATABASECHANGELOG
2026-07-09T01:46:02.864+01:00  INFO 31868 --- [           main] liquibase.lockservice                    : Successfully acquired change log lock
2026-07-09T01:46:02.866+01:00  INFO 31868 --- [           main] liquibase.command                        : Using deploymentId: 3557962866
2026-07-09T01:46:02.869+01:00  INFO 31868 --- [           main] liquibase.changelog                      : Reading from testdb.DATABASECHANGELOG
2026-07-09T01:46:02.939+01:00  INFO 31868 --- [           main] liquibase.ui                             : Running Changeset: db/changelog/changes/001-create-tables.yaml::1::petro
2026-07-09T01:46:02.977+01:00  INFO 31868 --- [           main] liquibase.changelog                      : Table ability_scores created
2026-07-09T01:46:03.014+01:00  INFO 31868 --- [           main] liquibase.changelog                      : Table classes created
2026-07-09T01:46:03.032+01:00  INFO 31868 --- [           main] liquibase.changelog                      : Table conditions created
2026-07-09T01:46:03.049+01:00  INFO 31868 --- [           main] liquibase.changelog                      : Table damage_types created
2026-07-09T01:46:03.077+01:00  INFO 31868 --- [           main] liquibase.changelog                      : Table equipments created
2026-07-09T01:46:03.096+01:00  INFO 31868 --- [           main] liquibase.changelog                      : Table equipment_categories created
2026-07-09T01:46:03.115+01:00  INFO 31868 --- [           main] liquibase.changelog                      : Table features created
2026-07-09T01:46:03.133+01:00  INFO 31868 --- [           main] liquibase.changelog                      : Table languages created
2026-07-09T01:46:03.152+01:00  INFO 31868 --- [           main] liquibase.changelog                      : Table levels created
2026-07-09T01:46:03.169+01:00  INFO 31868 --- [           main] liquibase.changelog                      : Table magic_items created
2026-07-09T01:46:03.185+01:00  INFO 31868 --- [           main] liquibase.changelog                      : Table magic_schools created
2026-07-09T01:46:03.208+01:00  INFO 31868 --- [           main] liquibase.changelog                      : Table monsters created
2026-07-09T01:46:03.226+01:00  INFO 31868 --- [           main] liquibase.changelog                      : Table proficiencies created
2026-07-09T01:46:03.247+01:00  INFO 31868 --- [           main] liquibase.changelog                      : Table races created
2026-07-09T01:46:03.263+01:00  INFO 31868 --- [           main] liquibase.changelog                      : Table rules created
2026-07-09T01:46:03.280+01:00  INFO 31868 --- [           main] liquibase.changelog                      : Table rule_sections created
2026-07-09T01:46:03.296+01:00  INFO 31868 --- [           main] liquibase.changelog                      : Table skills created
2026-07-09T01:46:03.317+01:00  INFO 31868 --- [           main] liquibase.changelog                      : Table spells created
2026-07-09T01:46:03.337+01:00  INFO 31868 --- [           main] liquibase.changelog                      : Table subclasses created
2026-07-09T01:46:03.357+01:00  INFO 31868 --- [           main] liquibase.changelog                      : Table subraces created
2026-07-09T01:46:03.379+01:00  INFO 31868 --- [           main] liquibase.changelog                      : Table traits created
2026-07-09T01:46:03.396+01:00  INFO 31868 --- [           main] liquibase.changelog                      : Table weapon_properties created
2026-07-09T01:46:03.398+01:00  INFO 31868 --- [           main] liquibase.changelog                      : ChangeSet db/changelog/changes/001-create-tables.yaml::1::petro ran successfully in 457ms
2026-07-09T01:46:03.409+01:00  INFO 31868 --- [           main] liquibase.ui                             : Running Changeset: db/changelog/changes/002-create-user-tables.yaml::create-users-table::Petro
2026-07-09T01:46:03.434+01:00  INFO 31868 --- [           main] liquibase.changelog                      : Table users created
2026-07-09T01:46:03.435+01:00  INFO 31868 --- [           main] liquibase.changelog                      : ChangeSet db/changelog/changes/002-create-user-tables.yaml::create-users-table::Petro ran successfully in 26ms
2026-07-09T01:46:03.442+01:00  INFO 31868 --- [           main] liquibase.ui                             : Running Changeset: db/changelog/changes/003-create-saved_element-table.yaml::create-saved_element-table::Petro
2026-07-09T01:46:03.461+01:00  INFO 31868 --- [           main] liquibase.changelog                      : Table saved_element created
2026-07-09T01:46:03.463+01:00  INFO 31868 --- [           main] liquibase.changelog                      : ChangeSet db/changelog/changes/003-create-saved_element-table.yaml::create-saved_element-table::Petro ran successfully in 20ms
2026-07-09T01:46:03.470+01:00  INFO 31868 --- [           main] liquibase.ui                             : Running Changeset: db/changelog/changes/004-create-role-table.yaml::create-roles-table::Petro
2026-07-09T01:46:03.489+01:00  INFO 31868 --- [           main] liquibase.changelog                      : Table roles created
2026-07-09T01:46:03.490+01:00  INFO 31868 --- [           main] liquibase.changelog                      : ChangeSet db/changelog/changes/004-create-role-table.yaml::create-roles-table::Petro ran successfully in 19ms
2026-07-09T01:46:03.499+01:00  INFO 31868 --- [           main] liquibase.ui                             : Running Changeset: db/changelog/changes/005-create-users_roles-table.yaml::create-users_roles-table::Petro
2026-07-09T01:46:03.517+01:00  INFO 31868 --- [           main] liquibase.changelog                      : Table users_roles created
2026-07-09T01:46:03.565+01:00  INFO 31868 --- [           main] liquibase.changelog                      : Foreign key constraint added to users_roles (users_id)
2026-07-09T01:46:03.614+01:00  INFO 31868 --- [           main] liquibase.changelog                      : Foreign key constraint added to users_roles (roles_id)
2026-07-09T01:46:03.615+01:00  INFO 31868 --- [           main] liquibase.changelog                      : ChangeSet db/changelog/changes/005-create-users_roles-table.yaml::create-users_roles-table::Petro ran successfully in 115ms
2026-07-09T01:46:03.621+01:00  INFO 31868 --- [           main] liquibase.ui                             : Running Changeset: db/changelog/changes/006-insert-data-to-roles-table.yaml::insert-roles-to-roles-table::Petro
2026-07-09T01:46:03.625+01:00  INFO 31868 --- [           main] liquibase.changelog                      : New row inserted into roles
2026-07-09T01:46:03.627+01:00  INFO 31868 --- [           main] liquibase.changelog                      : New row inserted into roles
2026-07-09T01:46:03.629+01:00  INFO 31868 --- [           main] liquibase.changelog                      : ChangeSet db/changelog/changes/006-insert-data-to-roles-table.yaml::insert-roles-to-roles-table::Petro ran successfully in 8ms
2026-07-09T01:46:03.636+01:00  INFO 31868 --- [           main] liquibase.ui                             : Running Changeset: db/changelog/changes/007-create-refresh-token-table.yaml::create-refresh-tokens-table::petro
2026-07-09T01:46:03.659+01:00  INFO 31868 --- [           main] liquibase.changelog                      : Table refresh_tokens created
2026-07-09T01:46:03.661+01:00  INFO 31868 --- [           main] liquibase.changelog                      : ChangeSet db/changelog/changes/007-create-refresh-token-table.yaml::create-refresh-tokens-table::petro ran successfully in 25ms
2026-07-09T01:46:03.669+01:00  INFO 31868 --- [           main] liquibase.ui                             : Running Changeset: db/changelog/changes/008-insert-admin-to-users-table.yaml::insert-admin-to-users-table::Petro
2026-07-09T01:46:03.674+01:00  INFO 31868 --- [           main] liquibase.changelog                      : New row inserted into users
2026-07-09T01:46:03.678+01:00  INFO 31868 --- [           main] liquibase.changelog                      : ChangeSet db/changelog/changes/008-insert-admin-to-users-table.yaml::insert-admin-to-users-table::Petro ran successfully in 8ms
2026-07-09T01:46:03.685+01:00  INFO 31868 --- [           main] liquibase.ui                             : Running Changeset: db/changelog/changes/009-insert-admin-to-users_roles-table.yaml::insert-admin-to-users_roles-table::Petro
2026-07-09T01:46:03.690+01:00  INFO 31868 --- [           main] liquibase.changelog                      : New row inserted into users_roles
2026-07-09T01:46:03.692+01:00  INFO 31868 --- [           main] liquibase.changelog                      : ChangeSet db/changelog/changes/009-insert-admin-to-users_roles-table.yaml::insert-admin-to-users_roles-table::Petro ran successfully in 7ms
2026-07-09T01:46:03.704+01:00  INFO 31868 --- [           main] liquibase.util                           : UPDATE SUMMARY
2026-07-09T01:46:03.704+01:00  INFO 31868 --- [           main] liquibase.util                           : Run:                          9
2026-07-09T01:46:03.704+01:00  INFO 31868 --- [           main] liquibase.util                           : Previously run:               0
2026-07-09T01:46:03.704+01:00  INFO 31868 --- [           main] liquibase.util                           : Filtered out:                 0
2026-07-09T01:46:03.705+01:00  INFO 31868 --- [           main] liquibase.util                           : -------------------------------
2026-07-09T01:46:03.705+01:00  INFO 31868 --- [           main] liquibase.util                           : Total change sets:            9
2026-07-09T01:46:03.705+01:00  INFO 31868 --- [           main] liquibase.util                           : Update summary generated
2026-07-09T01:46:03.707+01:00  INFO 31868 --- [           main] liquibase.command                        : Update command completed successfully.
2026-07-09T01:46:03.707+01:00  INFO 31868 --- [           main] liquibase.ui                             : Liquibase: Update has been successful. Rows affected: 13
2026-07-09T01:46:03.716+01:00  INFO 31868 --- [           main] liquibase.lockservice                    : Successfully released change log lock
2026-07-09T01:46:03.717+01:00  INFO 31868 --- [           main] liquibase.command                        : Command execution complete
2026-07-09T01:46:03.916+01:00  INFO 31868 --- [           main] o.hibernate.jpa.internal.util.LogHelper  : HHH000204: Processing PersistenceUnitInfo [name: default]
2026-07-09T01:46:04.034+01:00  INFO 31868 --- [           main] org.hibernate.Version                    : HHH000412: Hibernate ORM core version 6.5.3.Final
2026-07-09T01:46:04.072+01:00  INFO 31868 --- [           main] o.h.c.internal.RegionFactoryInitiator    : HHH000026: Second-level cache disabled
2026-07-09T01:46:04.318+01:00  INFO 31868 --- [           main] o.s.o.j.p.SpringPersistenceUnitInfo      : No LoadTimeWeaver setup: ignoring JPA class transformer
2026-07-09T01:46:05.519+01:00  INFO 31868 --- [           main] o.h.e.t.j.p.i.JtaPlatformInitiator       : HHH000489: No JTA platform available (set 'hibernate.transaction.jta.platform' to enable JTA platform integration)
2026-07-09T01:46:05.521+01:00  INFO 31868 --- [           main] j.LocalContainerEntityManagerFactoryBean : Initialized JPA EntityManagerFactory for persistence unit 'default'
2026-07-09T01:46:05.887+01:00  INFO 31868 --- [           main] r$InitializeUserDetailsManagerConfigurer : Global AuthenticationManager configured with UserDetailsService bean with name userDetailsServiceImpl
2026-07-09T01:46:05.994+01:00  INFO 31868 --- [           main] o.s.d.j.r.query.QueryEnhancerFactory     : Hibernate is in classpath; If applicable, HQL parser will be used.
2026-07-09T01:46:06.898+01:00  WARN 31868 --- [           main] JpaBaseConfiguration$JpaWebConfiguration : spring.jpa.open-in-view is enabled by default. Therefore, database queries may be performed during view rendering. Explicitly configure spring.jpa.open-in-view to disable this warning
2026-07-09T01:46:07.584+01:00  INFO 31868 --- [           main] o.s.b.t.m.w.SpringBootMockServletContext : Initializing Spring TestDispatcherServlet ''
2026-07-09T01:46:07.584+01:00  INFO 31868 --- [           main] o.s.t.web.servlet.TestDispatcherServlet  : Initializing Servlet ''
2026-07-09T01:46:07.585+01:00  INFO 31868 --- [           main] o.s.t.web.servlet.TestDispatcherServlet  : Completed initialization in 1 ms
2026-07-09T01:46:07.603+01:00  INFO 31868 --- [           main] m.a.j.controller.AuthControllerTest      : Started AuthControllerTest in 16.607 seconds (process running for 17.724)
]]></system-out>
    <system-err><![CDATA[WARNING: A Java agent has been loaded dynamically (C:\Users\petro\.m2\repository\net\bytebuddy\byte-buddy-agent\1.14.19\byte-buddy-agent-1.14.19.jar)
WARNING: If a serviceability tool is in use, please run with -XX:+EnableDynamicAgentLoading to hide this warning
WARNING: If a serviceability tool is not in use, please run with -Djdk.instrument.traceUsage for more information
WARNING: Dynamic loading of agents will be disallowed by default in a future release
]]></system-err>
  </testcase>
</testsuite>